<?xml version="1.0" encoding="utf-8"?><testsuites name="pytest tests"><testsuite name="pytest" errors="0" failures="0" skipped="0" tests="9" time="0.249" timestamp="2026-07-14T18:42:33.719355+03:00" hostname="DESKTOP-1V26009"><testcase classname="ORGANS.MECHANICUS.CORE_REFERENCE_CORRIDOR.tests.test_phase7_claim_reconciliation" name="test_phase7_verdict_extraction_accepts_historical_key_shapes" time="0.010" /><testcase classname="ORGANS.MECHANICUS.CORE_REFERENCE_CORRIDOR.tests.test_phase7_claim_reconciliation" name="test_phase7_campaign_verdict_is_fail_closed" time="0.001" /><testcase classname="ORGANS.MECHANICUS.CORE_REFERENCE_CORRIDOR.tests.test_phase7_claim_reconciliation" name="test_phase7_historical_organ_rows_are_never_promoted" time="0.001" /><testcase classname="ORGANS.MECHANICUS.CORE_REFERENCE_CORRIDOR.tests.test_phase7_claim_reconciliation" name="test_phase7_independent_claim_status_rejects_overclaim_mutations" time="0.001" /><testcase classname="ORGANS.MECHANICUS.CORE_REFERENCE_CORRIDOR.tests.test_phase7_claim_reconciliation" name="test_phase7_registry_digest_mutation_is_detected" time="0.001" /><testcase classname="ORGANS.MECHANICUS.CORE_REFERENCE_CORRIDOR.tests.test_phase7_claim_reconciliation" name="test_phase7_disk_auditor_self_test_detects_all_mutations" time="0.001" /><testcase classname="ORGANS.MECHANICUS.CORE_REFERENCE_CORRIDOR.tests.test_phase7_ui_truth" name="test_ui_snapshot_fails_closed_when_current_claim_authority_is_absent" time="0.026" /><testcase classname="ORGANS.MECHANICUS.CORE_REFERENCE_CORRIDOR.tests.test_phase7_ui_truth" name="test_ui_snapshot_uses_phase7_current_claim_authority" time="0.021" /><testcase classname="ORGANS.MECHANICUS.CORE_REFERENCE_CORRIDOR.tests.test_ui_contract" name="test_exact_ui_contract_and_broken_parity_are_distinguished" time="0.001" /></testsuite></testsuites>