<?xml version="1.0" encoding="utf-8"?><testsuites name="pytest tests"><testsuite name="pytest" errors="0" failures="0" skipped="0" tests="67" time="51.793" timestamp="2026-07-13T20:09:42.216254+03:00" hostname="DESKTOP-1V26009"><testcase classname="ORGANS.MECHANICUS.CORE_REFERENCE_CORRIDOR.tests.test_atomic_store" name="test_atomic_json_replaces_complete_document" time="0.026" /><testcase classname="ORGANS.MECHANICUS.CORE_REFERENCE_CORRIDOR.tests.test_atomic_store" name="test_file_lock_denies_concurrent_holder" time="0.027" /><testcase classname="ORGANS.MECHANICUS.CORE_REFERENCE_CORRIDOR.tests.test_checkpoint" name="test_full_task_state_restore_is_exact_and_atomic" time="0.036" /><testcase classname="ORGANS.MECHANICUS.CORE_REFERENCE_CORRIDOR.tests.test_checkpoint" name="test_partial_restore_returns_not_implemented_block_without_mutation" time="0.032" /><testcase classname="ORGANS.MECHANICUS.CORE_REFERENCE_CORRIDOR.tests.test_checkpoint" name="test_checkpoint_tamper_and_restore_scope_are_blocked" time="0.066" /><testcase classname="ORGANS.MECHANICUS.CORE_REFERENCE_CORRIDOR.tests.test_evidence" name="test_finalized_json_markdown_pair_and_sealed_index" time="0.071" /><testcase classname="ORGANS.MECHANICUS.CORE_REFERENCE_CORRIDOR.tests.test_evidence" name="test_finalized_payload_tampering_is_detected" time="0.041" /><testcase classname="ORGANS.MECHANICUS.CORE_REFERENCE_CORRIDOR.tests.test_evidence" name="test_missing_proof_tuple_field_is_blocked" time="0.003" /><testcase classname="ORGANS.MECHANICUS.CORE_REFERENCE_CORRIDOR.tests.test_evidence" name="test_index_tampering_is_detected_before_lookup" time="0.027" /><testcase classname="ORGANS.MECHANICUS.CORE_REFERENCE_CORRIDOR.tests.test_executor" name="test_exact_read_only_happy_path" time="1.381" /><testcase classname="ORGANS.MECHANICUS.CORE_REFERENCE_CORRIDOR.tests.test_executor" name="test_unknown_and_malicious_runner_are_default_denied_without_execution" time="0.357" /><testcase classname="ORGANS.MECHANICUS.CORE_REFERENCE_CORRIDOR.tests.test_executor" name="test_unauthorized_write_is_observed_and_blocked" time="1.331" /><testcase classname="ORGANS.MECHANICUS.CORE_REFERENCE_CORRIDOR.tests.test_executor" name="test_timeout_kills_process_tree_and_crash_is_blocked" time="2.502" /><testcase classname="ORGANS.MECHANICUS.CORE_REFERENCE_CORRIDOR.tests.test_executor" name="test_mutation_from_reality_is_blocked_before_process_start" time="0.538" /><testcase classname="ORGANS.MECHANICUS.CORE_REFERENCE_CORRIDOR.tests.test_executor" name="test_deterministic_replay_from_two_clean_clones" time="2.722" /><testcase classname="ORGANS.MECHANICUS.CORE_REFERENCE_CORRIDOR.tests.test_negative_proof" name="test_phase2_01_expected_and_actual_have_independent_sources" time="25.688" /><testcase classname="ORGANS.MECHANICUS.CORE_REFERENCE_CORRIDOR.tests.test_negative_proof" name="test_phase2_02_all_twenty_scenarios_have_own_observation_receipt" time="0.024" /><testcase classname="ORGANS.MECHANICUS.CORE_REFERENCE_CORRIDOR.tests.test_negative_proof" name="test_phase2_03_actual_is_recomputed_from_observations_not_expected" time="0.011" /><testcase classname="ORGANS.MECHANICUS.CORE_REFERENCE_CORRIDOR.tests.test_negative_proof" name="test_phase2_04_declared_actual_cannot_override_observations" time="0.010" /><testcase classname="ORGANS.MECHANICUS.CORE_REFERENCE_CORRIDOR.tests.test_negative_proof" name="test_phase2_05_missing_observations_are_not_proven" time="0.008" /><testcase classname="ORGANS.MECHANICUS.CORE_REFERENCE_CORRIDOR.tests.test_negative_proof" name="test_phase2_06_validator_checks_isolation_reality_hash_process_and_localization" time="0.005" /><testcase classname="ORGANS.MECHANICUS.CORE_REFERENCE_CORRIDOR.tests.test_negative_proof" name="test_phase2_07_mutation_broken_organ_verdict_red_then_green" time="0.012" /><testcase classname="ORGANS.MECHANICUS.CORE_REFERENCE_CORRIDOR.tests.test_negative_proof" name="test_phase2_08_mutation_allow_unknown_capability_red_then_green" time="0.010" /><testcase classname="ORGANS.MECHANICUS.CORE_REFERENCE_CORRIDOR.tests.test_negative_proof" name="test_phase2_09_mutation_substitute_evidence_hash_red_then_green" time="0.010" /><testcase classname="ORGANS.MECHANICUS.CORE_REFERENCE_CORRIDOR.tests.test_negative_proof" name="test_phase2_10_suite_acceptance_preserves_reality_and_campaign_partial" time="0.001" /><testcase classname="ORGANS.MECHANICUS.CORE_REFERENCE_CORRIDOR.tests.test_negative_proof" name="test_phase2_11_validation_runner_has_no_expected_equals_actual_shortcut" time="0.001" /><testcase classname="ORGANS.MECHANICUS.CORE_REFERENCE_CORRIDOR.tests.test_organ_ledger" name="test_complete_participation_is_structural_but_unvalidated_refs_are_not_proven" time="0.015" /><testcase classname="ORGANS.MECHANICUS.CORE_REFERENCE_CORRIDOR.tests.test_organ_ledger" name="test_organ_specific_validator_runs_produce_schema_valid_records" time="3.405" /><testcase classname="ORGANS.MECHANICUS.CORE_REFERENCE_CORRIDOR.tests.test_organ_verdict" name="test_phase1_01_reference_without_validator_is_not_proven" time="0.015" /><testcase classname="ORGANS.MECHANICUS.CORE_REFERENCE_CORRIDOR.tests.test_organ_verdict" name="test_phase1_02_missing_evidence_reference_is_not_proven" time="0.002" /><testcase classname="ORGANS.MECHANICUS.CORE_REFERENCE_CORRIDOR.tests.test_organ_verdict" name="test_phase1_03_modified_evidence_is_blocked" time="0.160" /><testcase classname="ORGANS.MECHANICUS.CORE_REFERENCE_CORRIDOR.tests.test_organ_verdict" name="test_phase1_04_validator_nonzero_is_blocked_with_process_metadata" time="0.168" /><testcase classname="ORGANS.MECHANICUS.CORE_REFERENCE_CORRIDOR.tests.test_organ_verdict" name="test_phase1_05_required_check_absent_is_not_proven_with_zero_exit" time="0.327" /><testcase classname="ORGANS.MECHANICUS.CORE_REFERENCE_CORRIDOR.tests.test_organ_verdict" name="test_phase1_06_scaffold_evidence_cannot_be_pass_proven" time="0.325" /><testcase classname="ORGANS.MECHANICUS.CORE_REFERENCE_CORRIDOR.tests.test_organ_verdict" name="test_phase1_07_accepted_debt_lowers_confidence_below_one" time="0.332" /><testcase classname="ORGANS.MECHANICUS.CORE_REFERENCE_CORRIDOR.tests.test_organ_verdict" name="test_phase1_08_throne_cannot_pass_over_critical_organ_block" time="0.487" /><testcase classname="ORGANS.MECHANICUS.CORE_REFERENCE_CORRIDOR.tests.test_organ_verdict" name="test_phase1_09_wrong_task_or_warp_binding_is_blocked" time="0.325" /><testcase classname="ORGANS.MECHANICUS.CORE_REFERENCE_CORRIDOR.tests.test_organ_verdict" name="test_phase1_10_wrong_base_head_binding_is_blocked" time="0.160" /><testcase classname="ORGANS.MECHANICUS.CORE_REFERENCE_CORRIDOR.tests.test_organ_verdict" name="test_phase1_11_declared_pass_cannot_override_failed_observation" time="0.168" /><testcase classname="ORGANS.MECHANICUS.CORE_REFERENCE_CORRIDOR.tests.test_organ_verdict" name="test_phase1_12_contradictory_evidence_blocks" time="0.165" /><testcase classname="ORGANS.MECHANICUS.CORE_REFERENCE_CORRIDOR.tests.test_organ_verdict" name="test_phase1_13_throne_cannot_pass_over_critical_not_proven" time="0.483" /><testcase classname="ORGANS.MECHANICUS.CORE_REFERENCE_CORRIDOR.tests.test_organ_verdict" name="test_phase1_14_unadmitted_validator_adapter_is_blocked" time="0.163" /><testcase classname="ORGANS.MECHANICUS.CORE_REFERENCE_CORRIDOR.tests.test_owner_gate" name="test_owner_launch_and_land_gates_require_explicit_current_decisions" time="0.042" /><testcase classname="ORGANS.MECHANICUS.CORE_REFERENCE_CORRIDOR.tests.test_owner_gate" name="test_throne_risk_requires_complete_causal_proof_and_owner_acceptance" time="0.038" /><testcase classname="ORGANS.MECHANICUS.CORE_REFERENCE_CORRIDOR.tests.test_owner_gate" name="test_throne_pass_without_proof_is_blocked_and_budget_overrun_pauses" time="0.001" /><testcase classname="ORGANS.MECHANICUS.CORE_REFERENCE_CORRIDOR.tests.test_root_resolver" name="test_resolves_linked_worktree_and_reality_from_nested_cwd" time="0.502" /><testcase classname="ORGANS.MECHANICUS.CORE_REFERENCE_CORRIDOR.tests.test_root_resolver" name="test_fails_closed_outside_git" time="0.036" /><testcase classname="ORGANS.MECHANICUS.CORE_REFERENCE_CORRIDOR.tests.test_root_resolver" name="test_windows_long_path_boundary_is_localized_without_root_guessing" time="0.388" /><testcase classname="ORGANS.MECHANICUS.CORE_REFERENCE_CORRIDOR.tests.test_task_store" name="test_create_load_and_versioned_single_task" time="0.027" /><testcase classname="ORGANS.MECHANICUS.CORE_REFERENCE_CORRIDOR.tests.test_task_store" name="test_missing_required_field_is_rejected" time="0.002" /><testcase classname="ORGANS.MECHANICUS.CORE_REFERENCE_CORRIDOR.tests.test_task_store" name="test_transition_route_and_owner_gate_are_default_deny" time="0.202" /><testcase classname="ORGANS.MECHANICUS.CORE_REFERENCE_CORRIDOR.tests.test_task_store" name="test_stale_base_blocks_without_changing_state" time="0.015" /><testcase classname="ORGANS.MECHANICUS.CORE_REFERENCE_CORRIDOR.tests.test_task_store" name="test_restart_recovers_durable_pending_transaction" time="0.051" /><testcase classname="ORGANS.MECHANICUS.CORE_REFERENCE_CORRIDOR.tests.test_task_store" name="test_concurrent_writers_allow_only_one_expected_version" time="0.034" /><testcase classname="ORGANS.MECHANICUS.CORE_REFERENCE_CORRIDOR.tests.test_tauri_surface" name="test_phase3_01_inventory_equals_real_rust_invoke_surface" time="0.026" /><testcase classname="ORGANS.MECHANICUS.CORE_REFERENCE_CORRIDOR.tests.test_tauri_surface" name="test_phase3_02_unknown_effect_blocks_surface_verdict" time="0.001" /><testcase classname="ORGANS.MECHANICUS.CORE_REFERENCE_CORRIDOR.tests.test_tauri_surface" name="test_phase3_03_unrouted_or_ungated_mutation_blocks_surface_verdict" time="0.001" /><testcase classname="ORGANS.MECHANICUS.CORE_REFERENCE_CORRIDOR.tests.test_tauri_surface" name="test_phase3_04_required_legacy_mutations_fail_closed" time="0.001" /><testcase classname="ORGANS.MECHANICUS.CORE_REFERENCE_CORRIDOR.tests.test_tauri_surface" name="test_phase3_05_every_reachable_mutation_is_canonical_typed_and_gated" time="0.001" /><testcase classname="ORGANS.MECHANICUS.CORE_REFERENCE_CORRIDOR.tests.test_tauri_surface" name="test_phase3_06_unknown_capability_is_default_denied" time="0.001" /><testcase classname="ORGANS.MECHANICUS.CORE_REFERENCE_CORRIDOR.tests.test_tauri_surface" name="test_phase3_07_frontend_unknown_command_blocks_inventory" time="0.001" /><testcase classname="ORGANS.MECHANICUS.CORE_REFERENCE_CORRIDOR.tests.test_tauri_surface" name="test_phase3_08_read_only_diagnostic_preserves_reality" time="3.347" /><testcase classname="ORGANS.MECHANICUS.CORE_REFERENCE_CORRIDOR.tests.test_ui_contract" name="test_exact_ui_contract_and_broken_parity_are_distinguished" time="0.001" /><testcase classname="ORGANS.MECHANICUS.CORE_REFERENCE_CORRIDOR.tests.test_warp_manager" name="test_exact_head_worktree_lifecycle_land_plan_and_safe_destroy" time="2.083" /><testcase classname="ORGANS.MECHANICUS.CORE_REFERENCE_CORRIDOR.tests.test_warp_manager" name="test_create_blocks_dirty_or_stale_source_and_register_existing_verifies_detached" time="0.927" /><testcase classname="ORGANS.MECHANICUS.CORE_REFERENCE_CORRIDOR.tests.test_warp_manager" name="test_atomic_land_and_rollback_proof_is_disposable_and_restores_ref" time="0.828" /><testcase classname="ORGANS.MECHANICUS.CORE_REFERENCE_CORRIDOR.tests.test_warp_manager" name="test_failed_validation_is_contained_and_source_stays_unchanged" time="1.323" /></testsuite></testsuites>