<?xml version="1.0" encoding="utf-8"?><testsuites name="pytest tests"><testsuite name="pytest" errors="0" failures="0" skipped="0" tests="16" time="6.623" timestamp="2026-07-13T18:33:53.082384+03:00" hostname="DESKTOP-1V26009"><testcase classname="ORGANS.MECHANICUS.CORE_REFERENCE_CORRIDOR.tests.test_organ_verdict" name="test_phase1_01_reference_without_validator_is_not_proven" time="0.013" /><testcase classname="ORGANS.MECHANICUS.CORE_REFERENCE_CORRIDOR.tests.test_organ_verdict" name="test_phase1_02_missing_evidence_reference_is_not_proven" time="0.002" /><testcase classname="ORGANS.MECHANICUS.CORE_REFERENCE_CORRIDOR.tests.test_organ_verdict" name="test_phase1_03_modified_evidence_is_blocked" time="0.156" /><testcase classname="ORGANS.MECHANICUS.CORE_REFERENCE_CORRIDOR.tests.test_organ_verdict" name="test_phase1_04_validator_nonzero_is_blocked_with_process_metadata" time="0.158" /><testcase classname="ORGANS.MECHANICUS.CORE_REFERENCE_CORRIDOR.tests.test_organ_verdict" name="test_phase1_05_required_check_absent_is_not_proven_with_zero_exit" time="0.312" /><testcase classname="ORGANS.MECHANICUS.CORE_REFERENCE_CORRIDOR.tests.test_organ_verdict" name="test_phase1_06_scaffold_evidence_cannot_be_pass_proven" time="0.315" /><testcase classname="ORGANS.MECHANICUS.CORE_REFERENCE_CORRIDOR.tests.test_organ_verdict" name="test_phase1_07_accepted_debt_lowers_confidence_below_one" time="0.313" /><testcase classname="ORGANS.MECHANICUS.CORE_REFERENCE_CORRIDOR.tests.test_organ_verdict" name="test_phase1_08_throne_cannot_pass_over_critical_organ_block" time="0.471" /><testcase classname="ORGANS.MECHANICUS.CORE_REFERENCE_CORRIDOR.tests.test_organ_verdict" name="test_phase1_09_wrong_task_or_warp_binding_is_blocked" time="0.318" /><testcase classname="ORGANS.MECHANICUS.CORE_REFERENCE_CORRIDOR.tests.test_organ_verdict" name="test_phase1_10_wrong_base_head_binding_is_blocked" time="0.155" /><testcase classname="ORGANS.MECHANICUS.CORE_REFERENCE_CORRIDOR.tests.test_organ_verdict" name="test_phase1_11_declared_pass_cannot_override_failed_observation" time="0.158" /><testcase classname="ORGANS.MECHANICUS.CORE_REFERENCE_CORRIDOR.tests.test_organ_verdict" name="test_phase1_12_contradictory_evidence_blocks" time="0.159" /><testcase classname="ORGANS.MECHANICUS.CORE_REFERENCE_CORRIDOR.tests.test_organ_verdict" name="test_phase1_13_throne_cannot_pass_over_critical_not_proven" time="0.468" /><testcase classname="ORGANS.MECHANICUS.CORE_REFERENCE_CORRIDOR.tests.test_organ_verdict" name="test_phase1_14_unadmitted_validator_adapter_is_blocked" time="0.160" /><testcase classname="ORGANS.MECHANICUS.CORE_REFERENCE_CORRIDOR.tests.test_organ_ledger" name="test_complete_participation_is_structural_but_unvalidated_refs_are_not_proven" time="0.013" /><testcase classname="ORGANS.MECHANICUS.CORE_REFERENCE_CORRIDOR.tests.test_organ_ledger" name="test_organ_specific_validator_runs_produce_schema_valid_records" time="3.304" /></testsuite></testsuites>