<?xml version="1.0" encoding="utf-8"?><testsuites name="pytest tests"><testsuite name="pytest" errors="0" failures="0" skipped="0" tests="11" time="25.570" timestamp="2026-07-13T19:30:00.266022+03:00" hostname="DESKTOP-1V26009"><testcase classname="ORGANS.MECHANICUS.CORE_REFERENCE_CORRIDOR.tests.test_negative_proof" name="test_phase2_01_expected_and_actual_have_independent_sources" time="25.353" /><testcase classname="ORGANS.MECHANICUS.CORE_REFERENCE_CORRIDOR.tests.test_negative_proof" name="test_phase2_02_all_twenty_scenarios_have_own_observation_receipt" time="0.032" /><testcase classname="ORGANS.MECHANICUS.CORE_REFERENCE_CORRIDOR.tests.test_negative_proof" name="test_phase2_03_actual_is_recomputed_from_observations_not_expected" time="0.012" /><testcase classname="ORGANS.MECHANICUS.CORE_REFERENCE_CORRIDOR.tests.test_negative_proof" name="test_phase2_04_declared_actual_cannot_override_observations" time="0.010" /><testcase classname="ORGANS.MECHANICUS.CORE_REFERENCE_CORRIDOR.tests.test_negative_proof" name="test_phase2_05_missing_observations_are_not_proven" time="0.008" /><testcase classname="ORGANS.MECHANICUS.CORE_REFERENCE_CORRIDOR.tests.test_negative_proof" name="test_phase2_06_validator_checks_isolation_reality_hash_process_and_localization" time="0.005" /><testcase classname="ORGANS.MECHANICUS.CORE_REFERENCE_CORRIDOR.tests.test_negative_proof" name="test_phase2_07_mutation_broken_organ_verdict_red_then_green" time="0.010" /><testcase classname="ORGANS.MECHANICUS.CORE_REFERENCE_CORRIDOR.tests.test_negative_proof" name="test_phase2_08_mutation_allow_unknown_capability_red_then_green" time="0.009" /><testcase classname="ORGANS.MECHANICUS.CORE_REFERENCE_CORRIDOR.tests.test_negative_proof" name="test_phase2_09_mutation_substitute_evidence_hash_red_then_green" time="0.009" /><testcase classname="ORGANS.MECHANICUS.CORE_REFERENCE_CORRIDOR.tests.test_negative_proof" name="test_phase2_10_suite_acceptance_preserves_reality_and_campaign_partial" time="0.001" /><testcase classname="ORGANS.MECHANICUS.CORE_REFERENCE_CORRIDOR.tests.test_negative_proof" name="test_phase2_11_validation_runner_has_no_expected_equals_actual_shortcut" time="0.001" /></testsuite></testsuites>