<?xml version="1.0" encoding="utf-8"?><testsuites name="pytest tests"><testsuite name="pytest" errors="0" failures="0" skipped="0" tests="10" time="4.495" timestamp="2026-07-13T20:09:33.561038+03:00" hostname="DESKTOP-1V26009"><testcase classname="ORGANS.MECHANICUS.CORE_REFERENCE_CORRIDOR.tests.test_tauri_surface" name="test_phase3_01_inventory_equals_real_rust_invoke_surface" time="0.032" /><testcase classname="ORGANS.MECHANICUS.CORE_REFERENCE_CORRIDOR.tests.test_tauri_surface" name="test_phase3_02_unknown_effect_blocks_surface_verdict" time="0.001" /><testcase classname="ORGANS.MECHANICUS.CORE_REFERENCE_CORRIDOR.tests.test_tauri_surface" name="test_phase3_03_unrouted_or_ungated_mutation_blocks_surface_verdict" time="0.001" /><testcase classname="ORGANS.MECHANICUS.CORE_REFERENCE_CORRIDOR.tests.test_tauri_surface" name="test_phase3_04_required_legacy_mutations_fail_closed" time="0.001" /><testcase classname="ORGANS.MECHANICUS.CORE_REFERENCE_CORRIDOR.tests.test_tauri_surface" name="test_phase3_05_every_reachable_mutation_is_canonical_typed_and_gated" time="0.001" /><testcase classname="ORGANS.MECHANICUS.CORE_REFERENCE_CORRIDOR.tests.test_tauri_surface" name="test_phase3_06_unknown_capability_is_default_denied" time="0.001" /><testcase classname="ORGANS.MECHANICUS.CORE_REFERENCE_CORRIDOR.tests.test_tauri_surface" name="test_phase3_07_frontend_unknown_command_blocks_inventory" time="0.001" /><testcase classname="ORGANS.MECHANICUS.CORE_REFERENCE_CORRIDOR.tests.test_tauri_surface" name="test_phase3_08_read_only_diagnostic_preserves_reality" time="3.390" /><testcase classname="ORGANS.MECHANICUS.CORE_REFERENCE_CORRIDOR.tests.test_executor" name="test_unknown_and_malicious_runner_are_default_denied_without_execution" time="0.367" /><testcase classname="ORGANS.MECHANICUS.CORE_REFERENCE_CORRIDOR.tests.test_executor" name="test_mutation_from_reality_is_blocked_before_process_start" time="0.585" /></testsuite></testsuites>