<?xml version="1.0" encoding="utf-8"?><testsuites name="pytest tests"><testsuite name="pytest" errors="0" failures="0" skipped="0" tests="33" time="15.945" timestamp="2026-07-13T00:29:44.461626+03:00" hostname="DESKTOP-1V26009"><testcase classname="ORGANS.MECHANICUS.CORE_REFERENCE_CORRIDOR.tests.test_atomic_store" name="test_atomic_json_replaces_complete_document" time="0.021" /><testcase classname="ORGANS.MECHANICUS.CORE_REFERENCE_CORRIDOR.tests.test_atomic_store" name="test_file_lock_denies_concurrent_holder" time="0.028" /><testcase classname="ORGANS.MECHANICUS.CORE_REFERENCE_CORRIDOR.tests.test_checkpoint" name="test_full_task_state_restore_is_exact_and_atomic" time="0.036" /><testcase classname="ORGANS.MECHANICUS.CORE_REFERENCE_CORRIDOR.tests.test_checkpoint" name="test_partial_restore_returns_not_implemented_block_without_mutation" time="0.031" /><testcase classname="ORGANS.MECHANICUS.CORE_REFERENCE_CORRIDOR.tests.test_checkpoint" name="test_checkpoint_tamper_and_restore_scope_are_blocked" time="0.067" /><testcase classname="ORGANS.MECHANICUS.CORE_REFERENCE_CORRIDOR.tests.test_evidence" name="test_finalized_json_markdown_pair_and_sealed_index" time="0.072" /><testcase classname="ORGANS.MECHANICUS.CORE_REFERENCE_CORRIDOR.tests.test_evidence" name="test_finalized_payload_tampering_is_detected" time="0.041" /><testcase classname="ORGANS.MECHANICUS.CORE_REFERENCE_CORRIDOR.tests.test_evidence" name="test_missing_proof_tuple_field_is_blocked" time="0.003" /><testcase classname="ORGANS.MECHANICUS.CORE_REFERENCE_CORRIDOR.tests.test_evidence" name="test_index_tampering_is_detected_before_lookup" time="0.023" /><testcase classname="ORGANS.MECHANICUS.CORE_REFERENCE_CORRIDOR.tests.test_executor" name="test_exact_read_only_happy_path" time="1.363" /><testcase classname="ORGANS.MECHANICUS.CORE_REFERENCE_CORRIDOR.tests.test_executor" name="test_unknown_and_malicious_runner_are_default_denied_without_execution" time="0.350" /><testcase classname="ORGANS.MECHANICUS.CORE_REFERENCE_CORRIDOR.tests.test_executor" name="test_unauthorized_write_is_observed_and_blocked" time="1.345" /><testcase classname="ORGANS.MECHANICUS.CORE_REFERENCE_CORRIDOR.tests.test_executor" name="test_timeout_kills_process_tree_and_crash_is_blocked" time="2.478" /><testcase classname="ORGANS.MECHANICUS.CORE_REFERENCE_CORRIDOR.tests.test_executor" name="test_mutation_from_reality_is_blocked_before_process_start" time="0.530" /><testcase classname="ORGANS.MECHANICUS.CORE_REFERENCE_CORRIDOR.tests.test_executor" name="test_deterministic_replay_from_two_clean_clones" time="2.710" /><testcase classname="ORGANS.MECHANICUS.CORE_REFERENCE_CORRIDOR.tests.test_organ_ledger" name="test_complete_participation_passes_and_missing_organ_or_throne_proof_blocks" time="0.008" /><testcase classname="ORGANS.MECHANICUS.CORE_REFERENCE_CORRIDOR.tests.test_owner_gate" name="test_owner_launch_and_land_gates_require_explicit_current_decisions" time="0.041" /><testcase classname="ORGANS.MECHANICUS.CORE_REFERENCE_CORRIDOR.tests.test_owner_gate" name="test_throne_risk_requires_complete_causal_proof_and_owner_acceptance" time="0.039" /><testcase classname="ORGANS.MECHANICUS.CORE_REFERENCE_CORRIDOR.tests.test_owner_gate" name="test_throne_pass_without_proof_is_blocked_and_budget_overrun_pauses" time="0.001" /><testcase classname="ORGANS.MECHANICUS.CORE_REFERENCE_CORRIDOR.tests.test_root_resolver" name="test_resolves_linked_worktree_and_reality_from_nested_cwd" time="0.545" /><testcase classname="ORGANS.MECHANICUS.CORE_REFERENCE_CORRIDOR.tests.test_root_resolver" name="test_fails_closed_outside_git" time="0.037" /><testcase classname="ORGANS.MECHANICUS.CORE_REFERENCE_CORRIDOR.tests.test_root_resolver" name="test_windows_long_path_boundary_is_localized_without_root_guessing" time="0.417" /><testcase classname="ORGANS.MECHANICUS.CORE_REFERENCE_CORRIDOR.tests.test_task_store" name="test_create_load_and_versioned_single_task" time="0.026" /><testcase classname="ORGANS.MECHANICUS.CORE_REFERENCE_CORRIDOR.tests.test_task_store" name="test_missing_required_field_is_rejected" time="0.002" /><testcase classname="ORGANS.MECHANICUS.CORE_REFERENCE_CORRIDOR.tests.test_task_store" name="test_transition_route_and_owner_gate_are_default_deny" time="0.202" /><testcase classname="ORGANS.MECHANICUS.CORE_REFERENCE_CORRIDOR.tests.test_task_store" name="test_stale_base_blocks_without_changing_state" time="0.015" /><testcase classname="ORGANS.MECHANICUS.CORE_REFERENCE_CORRIDOR.tests.test_task_store" name="test_restart_recovers_durable_pending_transaction" time="0.064" /><testcase classname="ORGANS.MECHANICUS.CORE_REFERENCE_CORRIDOR.tests.test_task_store" name="test_concurrent_writers_allow_only_one_expected_version" time="0.033" /><testcase classname="ORGANS.MECHANICUS.CORE_REFERENCE_CORRIDOR.tests.test_ui_contract" name="test_exact_ui_contract_and_broken_parity_are_distinguished" time="0.001" /><testcase classname="ORGANS.MECHANICUS.CORE_REFERENCE_CORRIDOR.tests.test_warp_manager" name="test_exact_head_worktree_lifecycle_land_plan_and_safe_destroy" time="2.104" /><testcase classname="ORGANS.MECHANICUS.CORE_REFERENCE_CORRIDOR.tests.test_warp_manager" name="test_create_blocks_dirty_or_stale_source_and_register_existing_verifies_detached" time="0.948" /><testcase classname="ORGANS.MECHANICUS.CORE_REFERENCE_CORRIDOR.tests.test_warp_manager" name="test_atomic_land_and_rollback_proof_is_disposable_and_restores_ref" time="0.832" /><testcase classname="ORGANS.MECHANICUS.CORE_REFERENCE_CORRIDOR.tests.test_warp_manager" name="test_failed_validation_is_contained_and_source_stays_unchanged" time="1.355" /></testsuite></testsuites>